TN:
SF:src\Applications\security\PasswordHash.js
FN:2,(anonymous_0)
FNF:1
FNH:1
FNDA:1,(anonymous_0)
DA:3,1
DA:7,2
LF:2
LH:2
BRF:0
BRH:0
end_of_record
TN:
SF:src\Applications\use_case\AddUserUseCase.js
FN:4,(anonymous_0)
FN:9,(anonymous_1)
FNF:2
FNH:2
FNDA:1,(anonymous_0)
FNDA:1,(anonymous_1)
DA:1,1
DA:5,1
DA:6,1
DA:10,1
DA:11,1
DA:12,1
DA:13,1
DA:17,1
LF:8
LH:8
BRF:0
BRH:0
end_of_record
TN:
SF:src\Commons\exceptions\AuthenticationError.js
FN:4,(anonymous_0)
FNF:1
FNH:1
FNDA:1,(anonymous_0)
DA:1,1
DA:5,1
DA:6,1
DA:10,1
LF:4
LH:4
BRF:0
BRH:0
end_of_record
TN:
SF:src\Commons\exceptions\ClientError.js
FN:2,(anonymous_0)
FNF:1
FNH:1
FNDA:13,(anonymous_0)
DA:3,13
DA:5,13
DA:6,1
DA:9,12
DA:10,12
DA:14,6
LF:6
LH:6
BRDA:2,0,0,11
BRDA:5,1,0,1
BRDA:5,1,1,12
BRF:3
BRH:3
end_of_record
TN:
SF:src\Commons\exceptions\DomainErrorTranslator.js
FN:4,(anonymous_0)
FNF:1
FNH:1
FNDA:5,(anonymous_0)
DA:1,1
DA:3,1
DA:5,5
DA:9,1
DA:16,1
LF:5
LH:5
BRDA:5,0,0,5
BRDA:5,0,1,1
BRF:2
BRH:2
end_of_record
TN:
SF:src\Commons\exceptions\InvariantError.js
FN:4,(anonymous_0)
FNF:1
FNH:1
FNDA:10,(anonymous_0)
DA:1,3
DA:5,10
DA:6,10
DA:10,3
LF:4
LH:4
BRF:0
BRH:0
end_of_record
TN:
SF:src\Commons\exceptions\NotFoundError.js
FN:4,(anonymous_0)
FNF:1
FNH:1
FNDA:1,(anonymous_0)
DA:1,1
DA:5,1
DA:6,1
DA:10,1
LF:4
LH:4
BRF:0
BRH:0
end_of_record
TN:
SF:src\Domains\user\UserRepository.js
FN:2,(anonymous_0)
FN:6,(anonymous_1)
FNF:2
FNH:2
FNDA:1,(anonymous_0)
FNDA:1,(anonymous_1)
DA:3,1
DA:7,1
DA:11,3
LF:3
LH:3
BRF:0
BRH:0
end_of_record
TN:
SF:src\Domains\user\entities\RegisterUser.js
FN:2,(anonymous_0)
FNF:1
FNH:1
FNDA:9,(anonymous_0)
DA:3,9
DA:4,1
DA:6,8
DA:7,1
DA:9,7
DA:10,1
DA:12,6
DA:13,1
DA:15,5
DA:16,5
DA:17,5
DA:21,3
LF:12
LH:12
BRDA:3,0,0,1
BRDA:3,0,1,8
BRDA:3,1,0,9
BRDA:3,1,1,9
BRDA:3,1,2,9
BRDA:6,2,0,1
BRDA:6,2,1,7
BRDA:6,3,0,8
BRDA:6,3,1,7
BRDA:6,3,2,7
BRDA:9,4,0,1
BRDA:9,4,1,6
BRDA:12,5,0,1
BRDA:12,5,1,5
BRF:14
BRH:14
end_of_record
TN:
SF:src\Domains\user\entities\RegisteredUser.js
FN:2,(anonymous_0)
FNF:1
FNH:1
FNDA:7,(anonymous_0)
DA:3,7
DA:4,1
DA:7,6
DA:8,1
DA:10,5
DA:11,5
DA:12,5
DA:16,3
LF:8
LH:8
BRDA:3,0,0,1
BRDA:3,0,1,6
BRDA:3,1,0,7
BRDA:3,1,1,6
BRDA:3,1,2,6
BRDA:7,2,0,1
BRDA:7,2,1,5
BRDA:7,3,0,6
BRDA:7,3,1,5
BRDA:7,3,2,5
BRF:10
BRH:10
end_of_record
TN:
SF:src\Infrastructures\repository\UserRepositoryPostgres.js
FN:6,(anonymous_0)
FN:12,(anonymous_1)
FN:25,(anonymous_2)
FNF:3
FNH:3
FNDA:4,(anonymous_0)
FNDA:2,(anonymous_1)
FNDA:2,(anonymous_2)
DA:1,1
DA:2,1
DA:3,1
DA:7,4
DA:8,4
DA:9,4
DA:13,2
DA:18,2
DA:20,2
DA:21,1
DA:26,2
DA:27,2
DA:29,2
DA:34,2
DA:36,2
DA:40,1
LF:16
LH:16
BRDA:20,0,0,1
BRDA:20,0,1,1
BRF:2
BRH:2
end_of_record
